[0415/204634.470:ERROR:process_memory_win.cc(73)] ReadMemory at 0x7ff77af30000 of 64 bytes failed: Only part of a ReadProcessMemory or WriteProcessMemory request was completed. (0x12B)
[0415/204635.294:WARNING:pe_image_reader.cc(340)] could not read dos header from C:\Program Files (x86)\Google\Chrome\Application\chrome.exe
[0415/204635.294:ERROR:process_memory_win.cc(73)] ReadMemory at 0x7ff8fc640000 of 64 bytes failed: Only part of a ReadProcessMemory or WriteProcessMemory request was completed. (0x12B)
[0415/204635.294:WARNING:pe_image_reader.cc(340)] could not read dos header from C:\WINDOWS\SYSTEM32\ntdll.dll
[0415/204635.294:ERROR:process_memory_win.cc(73)] ReadMemory at 0x7ff8fc510000 of 64 bytes failed: Only part of a ReadProcessMemory or WriteProcessMemory request was completed. (0x12B)
[0415/204635.860:WARNING:pe_image_reader.cc(340)] could not read dos header from C:\WINDOWS\System32\KERNEL32.DLL
[0415/204635.861:ERROR:process_memory_win.cc(73)] ReadMemory at 0x7ff8fa060000 of 64 bytes failed: Only part of a ReadProcessMemory or WriteProcessMemory request was completed. (0x12B)
[0415/204635.861:WARNING:pe_image_reader.cc(340)] could not read dos header from C:\WINDOWS\System32\KERNELBASE.dll
[0415/204635.861:ERROR:process_memory_win.cc(73)] ReadMemory at 0x7ff8d91a0000 of 64 bytes failed: Only part of a ReadProcessMemory or WriteProcessMemory request was completed. (0x12B)
[0415/204635.861:WARNING:pe_image_reader.cc(340)] could not read dos header from C:\Program Files (x86)\Google\Chrome\Application\81.0.4044.92\chrome_elf.dll
[0415/204635.862:ERROR:process_memory_win.cc(73)] ReadMemory at 0x7ff8f3310000 of 64 bytes failed: Only part of a ReadProcessMemory or WriteProcessMemory request was completed. (0x12B)
[0415/204635.862:WARNING:pe_image_reader.cc(340)] could not read dos header from C:\WINDOWS\SYSTEM32\VERSION.dll
[0415/204635.862:ERROR:process_memory_win.cc(73)] ReadMemory at 0x7ff8fb2d0000 of 64 bytes failed: Only part of a ReadProcessMemory or WriteProcessMemory request was completed. (0x12B)
[0415/204635.862:WARNING:pe_image_reader.cc(340)] could not read dos header from C:\WINDOWS\System32\msvcrt.dll
[0415/204635.863:ERROR:process_memory_win.cc(73)] ReadMemory at 0x7ff8fa670000 of 64 bytes failed: Only part of a ReadProcessMemory or WriteProcessMemory request was completed. (0x12B)
[0415/204635.863:WARNING:pe_image_reader.cc(340)] could not read dos header from C:\WINDOWS\System32\bcryptPrimitives.dll
[0415/204635.863:ERROR:process_memory_win.cc(73)] ReadMemory at 0x7ff8fb4e0000 of 64 bytes failed: Only part of a ReadProcessMemory or WriteProcessMemory request was completed. (0x12B)
[0415/204635.864:WARNING:pe_image_reader.cc(340)] could not read dos header from C:\WINDOWS\System32\ADVAPI32.dll
[0415/204635.864:ERROR:process_memory_win.cc(73)] ReadMemory at 0x7ff8fb440000 of 64 bytes failed: Only part of a ReadProcessMemory or WriteProcessMemory request was completed. (0x12B)
[0415/204635.864:WARNING:pe_image_reader.cc(340)] could not read dos header from C:\WINDOWS\System32\sechost.dll
[0415/204635.864:ERROR:process_memory_win.cc(73)] ReadMemory at 0x7ff8fb920000 of 64 bytes failed: Only part of a ReadProcessMemory or WriteProcessMemory request was completed. (0x12B)
[0415/204635.864:WARNING:pe_image_reader.cc(340)] could not read dos header from C:\WINDOWS\System32\RPCRT4.dll
[0415/204635.865:ERROR:process_memory_win.cc(73)] ReadMemory at 0x7ff89c1f0000 of 64 bytes failed: Only part of a ReadProcessMemory or WriteProcessMemory request was completed. (0x12B)
[0415/204635.866:WARNING:pe_image_reader.cc(340)] could not read dos header from C:\Program Files (x86)\Google\Chrome\Application\81.0.4044.92\chrome.dll
[0415/204635.866:ERROR:process_memory_win.cc(73)] ReadMemory at 0x7ff8fc350000 of 64 bytes failed: Only part of a ReadProcessMemory or WriteProcessMemory request was completed. (0x12B)
[0415/204635.866:WARNING:pe_image_reader.cc(340)] could not read dos header from C:\WINDOWS\System32\WS2_32.dll
[0415/204635.866:ERROR:process_memory_win.cc(73)] ReadMemory at 0x7ff8fc3c0000 of 64 bytes failed: Only part of a ReadProcessMemory or WriteProcessMemory request was completed. (0x12B)
[0415/204635.867:WARNING:pe_image_reader.cc(340)] could not read dos header from C:\WINDOWS\System32\OLEAUT32.dll
[0415/204635.867:ERROR:process_memory_win.cc(73)] ReadMemory at 0x7ff8f95d0000 of 64 bytes failed: Only part of a ReadProcessMemory or WriteProcessMemory request was completed. (0x12B)
[0415/204635.868:WARNING:pe_image_reader.cc(340)] could not read dos header from C:\WINDOWS\System32\msvcp_win.dll
[0415/204635.868:ERROR:process_memory_win.cc(73)] ReadMemory at 0x7ff8fa4c0000 of 64 bytes failed: Only part of a ReadProcessMemory or WriteProcessMemory request was completed. (0x12B)
[0415/204635.868:WARNING:pe_image_reader.cc(340)] could not read dos header from C:\WINDOWS\System32\ucrtbase.dll
[0415/204635.869:ERROR:process_memory_win.cc(73)] ReadMemory at 0x7ff8fbfb0000 of 64 bytes failed: Only part of a ReadProcessMemory or WriteProcessMemory request was completed. (0x12B)
[0415/204635.869:WARNING:pe_image_reader.cc(340)] could not read dos header from C:\WINDOWS\System32\combase.dll
[0415/204635.869:ERROR:process_memory_win.cc(73)] ReadMemory at 0x7ff8fa460000 of 64 bytes failed: Only part of a ReadProcessMemory or WriteProcessMemory request was completed. (0x12B)
[0415/204635.869:WARNING:pe_image_reader.cc(340)] could not read dos header from C:\WINDOWS\System32\WINTRUST.dll
[0415/204635.869:ERROR:process_memory_win.cc(73)] ReadMemory at 0x7ff8f9580000 of 64 bytes failed: Only part of a ReadProcessMemory or WriteProcessMemory request was completed. (0x12B)
[0415/204635.869:WARNING:pe_image_reader.cc(340)] could not read dos header from C:\WINDOWS\System32\MSASN1.dll
[0415/204635.870:ERROR:process_memory_win.cc(73)] ReadMemory at 0x7ff8fa310000 of 64 bytes failed: Only part of a ReadProcessMemory or WriteProcessMemory request was completed. (0x12B)
[0415/204635.870:WARNING:pe_image_reader.cc(340)] could not read dos header from C:\WINDOWS\System32\CRYPT32.dll
[0415/204635.870:ERROR:process_memory_win.cc(73)] ReadMemory at 0x7ff8f8a20000 of 64 bytes failed: Only part of a ReadProcessMemory or WriteProcessMemory request was completed. (0x12B)
[0415/204635.870:WARNING:pe_image_reader.cc(340)] could not read dos header from C:\WINDOWS\SYSTEM32\IPHLPAPI.DLL
[0415/204635.870:ERROR:process_memory_win.cc(73)] ReadMemory at 0x7ff8f6b00000 of 64 bytes failed: Only part of a ReadProcessMemory or WriteProcessMemory request was completed. (0x12B)
[0415/204635.871:WARNING:pe_image_reader.cc(340)] could not read dos header from C:\WINDOWS\SYSTEM32\WINMM.dll
[0415/204635.871:ERROR:process_memory_win.cc(73)] ReadMemory at 0x7ff8f42f0000 of 64 bytes failed: Only part of a ReadProcessMemory or WriteProcessMemory request was completed. (0x12B)
[0415/204635.871:WARNING:pe_image_reader.cc(340)] could not read dos header from C:\WINDOWS\SYSTEM32\Secur32.dll
[0415/204635.871:ERROR:process_memory_win.cc(73)] ReadMemory at 0x7ff8f9420000 of 64 bytes failed: Only part of a ReadProcessMemory or WriteProcessMemory request was completed. (0x12B)
[0415/204635.871:WARNING:pe_image_reader.cc(340)] could not read dos header from C:\WINDOWS\SYSTEM32\USERENV.dll
[0415/204635.871:ERROR:process_memory_win.cc(73)] ReadMemory at 0x7ff8f95a0000 of 64 bytes failed: Only part of a ReadProcessMemory or WriteProcessMemory request was completed. (0x12B)
[0415/204635.871:WARNING:pe_image_reader.cc(340)] could not read dos header from C:\WINDOWS\System32\profapi.dll
[0415/204635.872:ERROR:process_memory_win.cc(73)] ReadMemory at 0x7ff8d7eb0000 of 64 bytes failed: Only part of a ReadProcessMemory or WriteProcessMemory request was completed. (0x12B)
[0415/204635.872:WARNING:pe_image_reader.cc(340)] could not read dos header from C:\WINDOWS\SYSTEM32\UIAutomationCore.DLL
[0415/204635.872:ERROR:process_memory_win.cc(73)] ReadMemory at 0x7ff8dba40000 of 64 bytes failed: Only part of a ReadProcessMemory or WriteProcessMemory request was completed. (0x12B)
[0415/204635.872:WARNING:pe_image_reader.cc(340)] could not read dos header from C:\WINDOWS\SYSTEM32\DWrite.dll
[0415/204635.872:ERROR:process_memory_win.cc(73)] ReadMemory at 0x7ff8e90f0000 of 64 bytes failed: Only part of a ReadProcessMemory or WriteProcessMemory request was completed. (0x12B)
[0415/204635.872:WARNING:pe_image_reader.cc(340)] could not read dos header from C:\WINDOWS\SYSTEM32\WINSPOOL.DRV
[0415/204635.872:ERROR:process_memory_win.cc(73)] ReadMemory at 0x7ff8f9510000 of 64 bytes failed: Only part of a ReadProcessMemory or WriteProcessMemory request was completed. (0x12B)
[0415/204635.872:WARNING:pe_image_reader.cc(340)] could not read dos header from C:\WINDOWS\System32\kernel.appcore.dll
[0415/204635.873:ERROR:process_memory_win.cc(73)] ReadMemory at 0x7ff8f9df0000 of 64 bytes failed: Only part of a ReadProcessMemory or WriteProcessMemory request was completed. (0x12B)
[0415/204635.873:WARNING:pe_image_reader.cc(340)] could not read dos header from C:\WINDOWS\System32\bcrypt.dll
[0415/204635.873:ERROR:process_memory_win.cc(73)] ReadMemory at 0x7ff8f7db0000 of 64 bytes failed: Only part of a ReadProcessMemory or WriteProcessMemory request was completed. (0x12B)
[0415/204635.873:WARNING:pe_image_reader.cc(340)] could not read dos header from C:\WINDOWS\SYSTEM32\dbghelp.dll
[0415/204635.873:ERROR:process_memory_win.cc(73)] ReadMemory at 0x7ff8f0660000 of 64 bytes failed: Only part of a ReadProcessMemory or WriteProcessMemory request was completed. (0x12B)
[0415/204635.873:WARNING:pe_image_reader.cc(340)] could not read dos header from C:\WINDOWS\SYSTEM32\WINHTTP.dll
[0415/204635.873:ERROR:process_memory_win.cc(73)] ReadMemory at 0x7ff8f2c00000 of 64 bytes failed: Only part of a ReadProcessMemory or WriteProcessMemory request was completed. (0x12B)
[0415/204635.873:WARNING:pe_image_reader.cc(340)] could not read dos header from C:\WINDOWS\SYSTEM32\dhcpcsvc.DLL
[0415/204635.873:ERROR:process_memory_win.cc(73)] ReadMemory at 0x7ff8fb910000 of 64 bytes failed: Only part of a ReadProcessMemory or WriteProcessMemory request was completed. (0x12B)
[0415/204635.873:WARNING:pe_image_reader.cc(340)] could not read dos header from C:\WINDOWS\System32\NSI.dll
[0415/204635.874:ERROR:process_memory_win.cc(73)] ReadMemory at 0x7ff8f6ad0000 of 64 bytes failed: Only part of a ReadProcessMemory or WriteProcessMemory request was completed. (0x12B)
[0415/204635.874:WARNING:pe_image_reader.cc(340)] could not read dos header from C:\WINDOWS\SYSTEM32\WINMMBASE.dll
[0415/204635.874:ERROR:process_memory_win.cc(73)] ReadMemory at 0x7ff8f9e20000 of 64 bytes failed: Only part of a ReadProcessMemory or WriteProcessMemory request was completed. (0x12B)
[0415/204635.874:WARNING:pe_image_reader.cc(340)] could not read dos header from C:\WINDOWS\System32\cfgmgr32.dll
[0415/204635.874:ERROR:process_memory_win.cc(73)] ReadMemory at 0x7ff8f5b80000 of 64 bytes failed: Only part of a ReadProcessMemory or WriteProcessMemory request was completed. (0x12B)
[0415/204635.874:WARNING:pe_image_reader.cc(340)] could not read dos header from C:\WINDOWS\SYSTEM32\PROPSYS.dll
[0415/204635.875:ERROR:process_memory_win.cc(73)] ReadMemory at 0x7ff8fbbe0000 of 64 bytes failed: Only part of a ReadProcessMemory or WriteProcessMemory request was completed. (0x12B)
[0415/204635.875:WARNING:pe_image_reader.cc(340)] could not read dos header from C:\WINDOWS\System32\shcore.dll
[0415/204635.875:ERROR:process_memory_win.cc(73)] ReadMemory at 0x7ff8f93f0000 of 64 bytes failed: Only part of a ReadProcessMemory or WriteProcessMemory request was completed. (0x12B)
[0415/204635.875:WARNING:pe_image_reader.cc(340)] could not read dos header from C:\WINDOWS\SYSTEM32\SSPICLI.DLL
[0415/204635.875:ERROR:process_memory_win.cc(73)] ReadMemory at 0x7ff8f8ee0000 of 64 bytes failed: Only part of a ReadProcessMemory or WriteProcessMemory request was completed. (0x12B)
[0415/204635.875:WARNING:pe_image_reader.cc(340)] could not read dos header from C:\WINDOWS\SYSTEM32\CRYPTBASE.DLL
[0415/204635.903:ERROR:process_memory_win.cc(73)] ReadMemory at 0x7ff77af30000 of 64 bytes failed: Only part of a ReadProcessMemory or WriteProcessMemory request was completed. (0x12B)
[0415/204635.903:WARNING:pe_image_reader.cc(340)] could not read dos header from C:\Program Files (x86)\Google\Chrome\Application\chrome.exe
[0415/204635.903:ERROR:process_memory_win.cc(73)] ReadMemory at 0x7ff8fc640000 of 64 bytes failed: Only part of a ReadProcessMemory or WriteProcessMemory request was completed. (0x12B)
[0415/204635.903:WARNING:pe_image_reader.cc(340)] could not read dos header from C:\WINDOWS\SYSTEM32\ntdll.dll
[0415/204635.903:ERROR:process_memory_win.cc(73)] ReadMemory at 0x7ff8fc510000 of 64 bytes failed: Only part of a ReadProcessMemory or WriteProcessMemory request was completed. (0x12B)
[0415/204635.903:WARNING:pe_image_reader.cc(340)] could not read dos header from C:\WINDOWS\System32\KERNEL32.DLL
[0415/204635.903:ERROR:process_memory_win.cc(73)] ReadMemory at 0x7ff8fa060000 of 64 bytes failed: Only part of a ReadProcessMemory or WriteProcessMemory request was completed. (0x12B)
[0415/204635.903:WARNING:pe_image_reader.cc(340)] could not read dos header from C:\WINDOWS\System32\KERNELBASE.dll
[0415/204635.903:ERROR:process_memory_win.cc(73)] ReadMemory at 0x7ff8d91a0000 of 64 bytes failed: Only part of a ReadProcessMemory or WriteProcessMemory request was completed. (0x12B)
[0415/204635.903:WARNING:pe_image_reader.cc(340)] could not read dos header from C:\Program Files (x86)\Google\Chrome\Application\81.0.4044.92\chrome_elf.dll
[0415/204635.903:ERROR:process_memory_win.cc(73)] ReadMemory at 0x7ff8f3310000 of 64 bytes failed: Only part of a ReadProcessMemory or WriteProcessMemory request was completed. (0x12B)
[0415/204635.903:WARNING:pe_image_reader.cc(340)] could not read dos header from C:\WINDOWS\SYSTEM32\VERSION.dll
[0415/204635.903:ERROR:process_memory_win.cc(73)] ReadMemory at 0x7ff8fb2d0000 of 64 bytes failed: Only part of a ReadProcessMemory or WriteProcessMemory request was completed. (0x12B)
[0415/204635.904:WARNING:pe_image_reader.cc(340)] could not read dos header from C:\WINDOWS\System32\msvcrt.dll
[0415/204635.904:ERROR:process_memory_win.cc(73)] ReadMemory at 0x7ff8fa670000 of 64 bytes failed: Only part of a ReadProcessMemory or WriteProcessMemory request was completed. (0x12B)
[0415/204635.904:WARNING:pe_image_reader.cc(340)] could not read dos header from C:\WINDOWS\System32\bcryptPrimitives.dll
[0415/204635.904:ERROR:process_memory_win.cc(73)] ReadMemory at 0x7ff8fb4e0000 of 64 bytes failed: Only part of a ReadProcessMemory or WriteProcessMemory request was completed. (0x12B)
[0415/204635.904:WARNING:pe_image_reader.cc(340)] could not read dos header from C:\WINDOWS\System32\ADVAPI32.dll
[0415/204635.904:ERROR:process_memory_win.cc(73)] ReadMemory at 0x7ff8fb440000 of 64 bytes failed: Only part of a ReadProcessMemory or WriteProcessMemory request was completed. (0x12B)
[0415/204635.904:WARNING:pe_image_reader.cc(340)] could not read dos header from C:\WINDOWS\System32\sechost.dll
[0415/204635.904:ERROR:process_memory_win.cc(73)] ReadMemory at 0x7ff8fb920000 of 64 bytes failed: Only part of a ReadProcessMemory or WriteProcessMemory request was completed. (0x12B)
[0415/204635.904:WARNING:pe_image_reader.cc(340)] could not read dos header from C:\WINDOWS\System32\RPCRT4.dll
[0415/204635.904:ERROR:process_memory_win.cc(73)] ReadMemory at 0x7ff89c1f0000 of 64 bytes failed: Only part of a ReadProcessMemory or WriteProcessMemory request was completed. (0x12B)
[0415/204635.904:WARNING:pe_image_reader.cc(340)] could not read dos header from C:\Program Files (x86)\Google\Chrome\Application\81.0.4044.92\chrome.dll
[0415/204635.904:ERROR:process_memory_win.cc(73)] ReadMemory at 0x7ff8fc350000 of 64 bytes failed: Only part of a ReadProcessMemory or WriteProcessMemory request was completed. (0x12B)
[0415/204635.904:WARNING:pe_image_reader.cc(340)] could not read dos header from C:\WINDOWS\System32\WS2_32.dll
[0415/204635.904:ERROR:process_memory_win.cc(73)] ReadMemory at 0x7ff8fc3c0000 of 64 bytes failed: Only part of a ReadProcessMemory or WriteProcessMemory request was completed. (0x12B)
[0415/204635.905:WARNING:pe_image_reader.cc(340)] could not read dos header from C:\WINDOWS\System32\OLEAUT32.dll
[0415/204635.905:ERROR:process_memory_win.cc(73)] ReadMemory at 0x7ff8f95d0000 of 64 bytes failed: Only part of a ReadProcessMemory or WriteProcessMemory request was completed. (0x12B)
[0415/204635.905:WARNING:pe_image_reader.cc(340)] could not read dos header from C:\WINDOWS\System32\msvcp_win.dll
[0415/204635.905:ERROR:process_memory_win.cc(73)] ReadMemory at 0x7ff8fa4c0000 of 64 bytes failed: Only part of a ReadProcessMemory or WriteProcessMemory request was completed. (0x12B)
[0415/204635.905:WARNING:pe_image_reader.cc(340)] could not read dos header from C:\WINDOWS\System32\ucrtbase.dll
[0415/204635.905:ERROR:process_memory_win.cc(73)] ReadMemory at 0x7ff8fbfb0000 of 64 bytes failed: Only part of a ReadProcessMemory or WriteProcessMemory request was completed. (0x12B)
[0415/204635.905:WARNING:pe_image_reader.cc(340)] could not read dos header from C:\WINDOWS\System32\combase.dll
[0415/204635.905:ERROR:process_memory_win.cc(73)] ReadMemory at 0x7ff8fa460000 of 64 bytes failed: Only part of a ReadProcessMemory or WriteProcessMemory request was completed. (0x12B)
[0415/204635.905:WARNING:pe_image_reader.cc(340)] could not read dos header from C:\WINDOWS\System32\WINTRUST.dll
[0415/204635.905:ERROR:process_memory_win.cc(73)] ReadMemory at 0x7ff8f9580000 of 64 bytes failed: Only part of a ReadProcessMemory or WriteProcessMemory request was completed. (0x12B)
[0415/204635.905:WARNING:pe_image_reader.cc(340)] could not read dos header from C:\WINDOWS\System32\MSASN1.dll
[0415/204635.905:ERROR:process_memory_win.cc(73)] ReadMemory at 0x7ff8fa310000 of 64 bytes failed: Only part of a ReadProcessMemory or WriteProcessMemory request was completed. (0x12B)
[0415/204635.905:WARNING:pe_image_reader.cc(340)] could not read dos header from C:\WINDOWS\System32\CRYPT32.dll
[0415/204635.906:ERROR:process_memory_win.cc(73)] ReadMemory at 0x7ff8f8a20000 of 64 bytes failed: Only part of a ReadProcessMemory or WriteProcessMemory request was completed. (0x12B)
[0415/204635.906:WARNING:pe_image_reader.cc(340)] could not read dos header from C:\WINDOWS\SYSTEM32\IPHLPAPI.DLL
[0415/204635.906:ERROR:process_memory_win.cc(73)] ReadMemory at 0x7ff8f6b00000 of 64 bytes failed: Only part of a ReadProcessMemory or WriteProcessMemory request was completed. (0x12B)
[0415/204635.906:WARNING:pe_image_reader.cc(340)] could not read dos header from C:\WINDOWS\SYSTEM32\WINMM.dll
[0415/204635.906:ERROR:process_memory_win.cc(73)] ReadMemory at 0x7ff8f42f0000 of 64 bytes failed: Only part of a ReadProcessMemory or WriteProcessMemory request was completed. (0x12B)
[0415/204635.906:WARNING:pe_image_reader.cc(340)] could not read dos header from C:\WINDOWS\SYSTEM32\Secur32.dll
[0415/204635.906:ERROR:process_memory_win.cc(73)] ReadMemory at 0x7ff8f9420000 of 64 bytes failed: Only part of a ReadProcessMemory or WriteProcessMemory request was completed. (0x12B)
[0415/204635.906:WARNING:pe_image_reader.cc(340)] could not read dos header from C:\WINDOWS\SYSTEM32\USERENV.dll
[0415/204635.906:ERROR:process_memory_win.cc(73)] ReadMemory at 0x7ff8f95a0000 of 64 bytes failed: Only part of a ReadProcessMemory or WriteProcessMemory request was completed. (0x12B)
[0415/204635.906:WARNING:pe_image_reader.cc(340)] could not read dos header from C:\WINDOWS\System32\profapi.dll
[0415/204635.906:ERROR:process_memory_win.cc(73)] ReadMemory at 0x7ff8d7eb0000 of 64 bytes failed: Only part of a ReadProcessMemory or WriteProcessMemory request was completed. (0x12B)
[0415/204635.906:WARNING:pe_image_reader.cc(340)] could not read dos header from C:\WINDOWS\SYSTEM32\UIAutomationCore.DLL
[0415/204635.906:ERROR:process_memory_win.cc(73)] ReadMemory at 0x7ff8dba40000 of 64 bytes failed: Only part of a ReadProcessMemory or WriteProcessMemory request was completed. (0x12B)
[0415/204635.906:WARNING:pe_image_reader.cc(340)] could not read dos header from C:\WINDOWS\SYSTEM32\DWrite.dll
[0415/204635.907:ERROR:process_memory_win.cc(73)] ReadMemory at 0x7ff8e90f0000 of 64 bytes failed: Only part of a ReadProcessMemory or WriteProcessMemory request was completed. (0x12B)
[0415/204635.907:WARNING:pe_image_reader.cc(340)] could not read dos header from C:\WINDOWS\SYSTEM32\WINSPOOL.DRV
[0415/204635.907:ERROR:process_memory_win.cc(73)] ReadMemory at 0x7ff8f9510000 of 64 bytes failed: Only part of a ReadProcessMemory or WriteProcessMemory request was completed. (0x12B)
[0415/204635.907:WARNING:pe_image_reader.cc(340)] could not read dos header from C:\WINDOWS\System32\kernel.appcore.dll
[0415/204635.907:ERROR:process_memory_win.cc(73)] ReadMemory at 0x7ff8f9df0000 of 64 bytes failed: Only part of a ReadProcessMemory or WriteProcessMemory request was completed. (0x12B)
[0415/204635.907:WARNING:pe_image_reader.cc(340)] could not read dos header from C:\WINDOWS\System32\bcrypt.dll
[0415/204635.907:ERROR:process_memory_win.cc(73)] ReadMemory at 0x7ff8f7db0000 of 64 bytes failed: Only part of a ReadProcessMemory or WriteProcessMemory request was completed. (0x12B)
[0415/204635.907:WARNING:pe_image_reader.cc(340)] could not read dos header from C:\WINDOWS\SYSTEM32\dbghelp.dll
[0415/204635.907:ERROR:process_memory_win.cc(73)] ReadMemory at 0x7ff8f0660000 of 64 bytes failed: Only part of a ReadProcessMemory or WriteProcessMemory request was completed. (0x12B)
[0415/204635.907:WARNING:pe_image_reader.cc(340)] could not read dos header from C:\WINDOWS\SYSTEM32\WINHTTP.dll
[0415/204635.907:ERROR:process_memory_win.cc(73)] ReadMemory at 0x7ff8f2c00000 of 64 bytes failed: Only part of a ReadProcessMemory or WriteProcessMemory request was completed. (0x12B)
[0415/204635.907:WARNING:pe_image_reader.cc(340)] could not read dos header from C:\WINDOWS\SYSTEM32\dhcpcsvc.DLL
[0415/204635.907:ERROR:process_memory_win.cc(73)] ReadMemory at 0x7ff8fb910000 of 64 bytes failed: Only part of a ReadProcessMemory or WriteProcessMemory request was completed. (0x12B)
[0415/204635.907:WARNING:pe_image_reader.cc(340)] could not read dos header from C:\WINDOWS\System32\NSI.dll
[0415/204635.908:ERROR:process_memory_win.cc(73)] ReadMemory at 0x7ff8f6ad0000 of 64 bytes failed: Only part of a ReadProcessMemory or WriteProcessMemory request was completed. (0x12B)
[0415/204635.908:WARNING:pe_image_reader.cc(340)] could not read dos header from C:\WINDOWS\SYSTEM32\WINMMBASE.dll
[0415/204635.908:ERROR:process_memory_win.cc(73)] ReadMemory at 0x7ff8f9e20000 of 64 bytes failed: Only part of a ReadProcessMemory or WriteProcessMemory request was completed. (0x12B)
[0415/204635.908:WARNING:pe_image_reader.cc(340)] could not read dos header from C:\WINDOWS\System32\cfgmgr32.dll
[0415/204635.908:ERROR:process_memory_win.cc(73)] ReadMemory at 0x7ff8f5b80000 of 64 bytes failed: Only part of a ReadProcessMemory or WriteProcessMemory request was completed. (0x12B)
[0415/204635.908:WARNING:pe_image_reader.cc(340)] could not read dos header from C:\WINDOWS\SYSTEM32\PROPSYS.dll
[0415/204635.908:ERROR:process_memory_win.cc(73)] ReadMemory at 0x7ff8fbbe0000 of 64 bytes failed: Only part of a ReadProcessMemory or WriteProcessMemory request was completed. (0x12B)
[0415/204635.908:WARNING:pe_image_reader.cc(340)] could not read dos header from C:\WINDOWS\System32\shcore.dll
[0415/204635.908:ERROR:process_memory_win.cc(73)] ReadMemory at 0x7ff8f93f0000 of 64 bytes failed: Only part of a ReadProcessMemory or WriteProcessMemory request was completed. (0x12B)
[0415/204635.908:WARNING:pe_image_reader.cc(340)] could not read dos header from C:\WINDOWS\SYSTEM32\SSPICLI.DLL
[0415/204635.908:ERROR:process_memory_win.cc(73)] ReadMemory at 0x7ff8f8ee0000 of 64 bytes failed: Only part of a ReadProcessMemory or WriteProcessMemory request was completed. (0x12B)
[0415/204635.908:WARNING:pe_image_reader.cc(340)] could not read dos header from C:\WINDOWS\SYSTEM32\CRYPTBASE.DLL
[0415/204635.908:ERROR:process_memory_win.cc(73)] ReadMemory at 0x7ff77af30000 of 64 bytes failed: Only part of a ReadProcessMemory or WriteProcessMemory request was completed. (0x12B)
[0415/204635.908:WARNING:pe_image_reader.cc(340)] could not read dos header from C:\Program Files (x86)\Google\Chrome\Application\chrome.exe
[0415/204635.909:ERROR:process_memory_win.cc(73)] ReadMemory at 0x7ff8fc640000 of 64 bytes failed: Only part of a ReadProcessMemory or WriteProcessMemory request was completed. (0x12B)
[0415/204635.909:WARNING:pe_image_reader.cc(340)] could not read dos header from C:\WINDOWS\SYSTEM32\ntdll.dll
[0415/204635.909:ERROR:process_memory_win.cc(73)] ReadMemory at 0x7ff8fc510000 of 64 bytes failed: Only part of a ReadProcessMemory or WriteProcessMemory request was completed. (0x12B)
[0415/204635.909:WARNING:pe_image_reader.cc(340)] could not read dos header from C:\WINDOWS\System32\KERNEL32.DLL
[0415/204635.909:ERROR:process_memory_win.cc(73)] ReadMemory at 0x7ff8fa060000 of 64 bytes failed: Only part of a ReadProcessMemory or WriteProcessMemory request was completed. (0x12B)
[0415/204635.909:WARNING:pe_image_reader.cc(340)] could not read dos header from C:\WINDOWS\System32\KERNELBASE.dll
[0415/204635.909:ERROR:process_memory_win.cc(73)] ReadMemory at 0x7ff8d91a0000 of 64 bytes failed: Only part of a ReadProcessMemory or WriteProcessMemory request was completed. (0x12B)
[0415/204635.909:WARNING:pe_image_reader.cc(340)] could not read dos header from C:\Program Files (x86)\Google\Chrome\Application\81.0.4044.92\chrome_elf.dll
[0415/204635.909:ERROR:process_memory_win.cc(73)] ReadMemory at 0x7ff8f3310000 of 64 bytes failed: Only part of a ReadProcessMemory or WriteProcessMemory request was completed. (0x12B)
[0415/204635.909:WARNING:pe_image_reader.cc(340)] could not read dos header from C:\WINDOWS\SYSTEM32\VERSION.dll
[0415/204635.909:ERROR:process_memory_win.cc(73)] ReadMemory at 0x7ff8fb2d0000 of 64 bytes failed: Only part of a ReadProcessMemory or WriteProcessMemory request was completed. (0x12B)
[0415/204635.909:WARNING:pe_image_reader.cc(340)] could not read dos header from C:\WINDOWS\System32\msvcrt.dll
[0415/204635.909:ERROR:process_memory_win.cc(73)] ReadMemory at 0x7ff8fa670000 of 64 bytes failed: Only part of a ReadProcessMemory or WriteProcessMemory request was completed. (0x12B)
[0415/204635.909:WARNING:pe_image_reader.cc(340)] could not read dos header from C:\WINDOWS\System32\bcryptPrimitives.dll
[0415/204635.910:ERROR:process_memory_win.cc(73)] ReadMemory at 0x7ff8fb4e0000 of 64 bytes failed: Only part of a ReadProcessMemory or WriteProcessMemory request was completed. (0x12B)
[0415/204635.910:WARNING:pe_image_reader.cc(340)] could not read dos header from C:\WINDOWS\System32\ADVAPI32.dll
[0415/204635.910:ERROR:process_memory_win.cc(73)] ReadMemory at 0x7ff8fb440000 of 64 bytes failed: Only part of a ReadProcessMemory or WriteProcessMemory request was completed. (0x12B)
[0415/204635.910:WARNING:pe_image_reader.cc(340)] could not read dos header from C:\WINDOWS\System32\sechost.dll
[0415/204635.910:ERROR:process_memory_win.cc(73)] ReadMemory at 0x7ff8fb920000 of 64 bytes failed: Only part of a ReadProcessMemory or WriteProcessMemory request was completed. (0x12B)
[0415/204635.910:WARNING:pe_image_reader.cc(340)] could not read dos header from C:\WINDOWS\System32\RPCRT4.dll
[0415/204635.910:ERROR:process_memory_win.cc(73)] ReadMemory at 0x7ff89c1f0000 of 64 bytes failed: Only part of a ReadProcessMemory or WriteProcessMemory request was completed. (0x12B)
[0415/204635.910:WARNING:pe_image_reader.cc(340)] could not read dos header from C:\Program Files (x86)\Google\Chrome\Application\81.0.4044.92\chrome.dll
[0415/204635.910:ERROR:process_memory_win.cc(73)] ReadMemory at 0x7ff8fc350000 of 64 bytes failed: Only part of a ReadProcessMemory or WriteProcessMemory request was completed. (0x12B)
[0415/204635.910:WARNING:pe_image_reader.cc(340)] could not read dos header from C:\WINDOWS\System32\WS2_32.dll
[0415/204635.910:ERROR:process_memory_win.cc(73)] ReadMemory at 0x7ff8fc3c0000 of 64 bytes failed: Only part of a ReadProcessMemory or WriteProcessMemory request was completed. (0x12B)
[0415/204635.910:WARNING:pe_image_reader.cc(340)] could not read dos header from C:\WINDOWS\System32\OLEAUT32.dll
[0415/204635.910:ERROR:process_memory_win.cc(73)] ReadMemory at 0x7ff8f95d0000 of 64 bytes failed: Only part of a ReadProcessMemory or WriteProcessMemory request was completed. (0x12B)
[0415/204635.910:WARNING:pe_image_reader.cc(340)] could not read dos header from C:\WINDOWS\System32\msvcp_win.dll
[0415/204635.910:ERROR:process_memory_win.cc(73)] ReadMemory at 0x7ff8fa4c0000 of 64 bytes failed: Only part of a ReadProcessMemory or WriteProcessMemory request was completed. (0x12B)
[0415/204635.910:WARNING:pe_image_reader.cc(340)] could not read dos header from C:\WINDOWS\System32\ucrtbase.dll
[0415/204635.910:ERROR:process_memory_win.cc(73)] ReadMemory at 0x7ff8fbfb0000 of 64 bytes failed: Only part of a ReadProcessMemory or WriteProcessMemory request was completed. (0x12B)
[0415/204635.910:WARNING:pe_image_reader.cc(340)] could not read dos header from C:\WINDOWS\System32\combase.dll
[0415/204635.910:ERROR:process_memory_win.cc(73)] ReadMemory at 0x7ff8fa460000 of 64 bytes failed: Only part of a ReadProcessMemory or WriteProcessMemory request was completed. (0x12B)
[0415/204635.910:WARNING:pe_image_reader.cc(340)] could not read dos header from C:\WINDOWS\System32\WINTRUST.dll
[0415/204635.910:ERROR:process_memory_win.cc(73)] ReadMemory at 0x7ff8f9580000 of 64 bytes failed: Only part of a ReadProcessMemory or WriteProcessMemory request was completed. (0x12B)
[0415/204635.910:WARNING:pe_image_reader.cc(340)] could not read dos header from C:\WINDOWS\System32\MSASN1.dll
[0415/204635.910:ERROR:process_memory_win.cc(73)] ReadMemory at 0x7ff8fa310000 of 64 bytes failed: Only part of a ReadProcessMemory or WriteProcessMemory request was completed. (0x12B)
[0415/204635.910:WARNING:pe_image_reader.cc(340)] could not read dos header from C:\WINDOWS\System32\CRYPT32.dll
[0415/204635.911:ERROR:process_memory_win.cc(73)] ReadMemory at 0x7ff8f8a20000 of 64 bytes failed: Only part of a ReadProcessMemory or WriteProcessMemory request was completed. (0x12B)
[0415/204635.911:WARNING:pe_image_reader.cc(340)] could not read dos header from C:\WINDOWS\SYSTEM32\IPHLPAPI.DLL
[0415/204635.911:ERROR:process_memory_win.cc(73)] ReadMemory at 0x7ff8f6b00000 of 64 bytes failed: Only part of a ReadProcessMemory or WriteProcessMemory request was completed. (0x12B)
[0415/204635.911:WARNING:pe_image_reader.cc(340)] could not read dos header from C:\WINDOWS\SYSTEM32\WINMM.dll
[0415/204635.911:ERROR:process_memory_win.cc(73)] ReadMemory at 0x7ff8f42f0000 of 64 bytes failed: Only part of a ReadProcessMemory or WriteProcessMemory request was completed. (0x12B)
[0415/204635.911:WARNING:pe_image_reader.cc(340)] could not read dos header from C:\WINDOWS\SYSTEM32\Secur32.dll
[0415/204635.911:ERROR:process_memory_win.cc(73)] ReadMemory at 0x7ff8f9420000 of 64 bytes failed: Only part of a ReadProcessMemory or WriteProcessMemory request was completed. (0x12B)
[0415/204635.911:WARNING:pe_image_reader.cc(340)] could not read dos header from C:\WINDOWS\SYSTEM32\USERENV.dll
[0415/204635.911:ERROR:process_memory_win.cc(73)] ReadMemory at 0x7ff8f95a0000 of 64 bytes failed: Only part of a ReadProcessMemory or WriteProcessMemory request was completed. (0x12B)
[0415/204635.911:WARNING:pe_image_reader.cc(340)] could not read dos header from C:\WINDOWS\System32\profapi.dll
[0415/204635.911:ERROR:process_memory_win.cc(73)] ReadMemory at 0x7ff8d7eb0000 of 64 bytes failed: Only part of a ReadProcessMemory or WriteProcessMemory request was completed. (0x12B)
[0415/204635.911:WARNING:pe_image_reader.cc(340)] could not read dos header from C:\WINDOWS\SYSTEM32\UIAutomationCore.DLL
[0415/204635.911:ERROR:process_memory_win.cc(73)] ReadMemory at 0x7ff8dba40000 of 64 bytes failed: Only part of a ReadProcessMemory or WriteProcessMemory request was completed. (0x12B)
[0415/204635.911:WARNING:pe_image_reader.cc(340)] could not read dos header from C:\WINDOWS\SYSTEM32\DWrite.dll
[0415/204635.911:ERROR:process_memory_win.cc(73)] ReadMemory at 0x7ff8e90f0000 of 64 bytes failed: Only part of a ReadProcessMemory or WriteProcessMemory request was completed. (0x12B)
[0415/204635.911:WARNING:pe_image_reader.cc(340)] could not read dos header from C:\WINDOWS\SYSTEM32\WINSPOOL.DRV
[0415/204635.911:ERROR:process_memory_win.cc(73)] ReadMemory at 0x7ff8f9510000 of 64 bytes failed: Only part of a ReadProcessMemory or WriteProcessMemory request was completed. (0x12B)
[0415/204635.911:WARNING:pe_image_reader.cc(340)] could not read dos header from C:\WINDOWS\System32\kernel.appcore.dll
[0415/204635.911:ERROR:process_memory_win.cc(73)] ReadMemory at 0x7ff8f9df0000 of 64 bytes failed: Only part of a ReadProcessMemory or WriteProcessMemory request was completed. (0x12B)
[0415/204635.911:WARNING:pe_image_reader.cc(340)] could not read dos header from C:\WINDOWS\System32\bcrypt.dll
[0415/204635.911:ERROR:process_memory_win.cc(73)] ReadMemory at 0x7ff8f7db0000 of 64 bytes failed: Only part of a ReadProcessMemory or WriteProcessMemory request was completed. (0x12B)
[0415/204635.911:WARNING:pe_image_reader.cc(340)] could not read dos header from C:\WINDOWS\SYSTEM32\dbghelp.dll
[0415/204635.911:ERROR:process_memory_win.cc(73)] ReadMemory at 0x7ff8f0660000 of 64 bytes failed: Only part of a ReadProcessMemory or WriteProcessMemory request was completed. (0x12B)
[0415/204635.911:WARNING:pe_image_reader.cc(340)] could not read dos header from C:\WINDOWS\SYSTEM32\WINHTTP.dll
[0415/204635.912:ERROR:process_memory_win.cc(73)] ReadMemory at 0x7ff8f2c00000 of 64 bytes failed: Only part of a ReadProcessMemory or WriteProcessMemory request was completed. (0x12B)
[0415/204635.912:WARNING:pe_image_reader.cc(340)] could not read dos header from C:\WINDOWS\SYSTEM32\dhcpcsvc.DLL
[0415/204635.912:ERROR:process_memory_win.cc(73)] ReadMemory at 0x7ff8fb910000 of 64 bytes failed: Only part of a ReadProcessMemory or WriteProcessMemory request was completed. (0x12B)
[0415/204635.912:WARNING:pe_image_reader.cc(340)] could not read dos header from C:\WINDOWS\System32\NSI.dll
[0415/204635.912:ERROR:process_memory_win.cc(73)] ReadMemory at 0x7ff8f6ad0000 of 64 bytes failed: Only part of a ReadProcessMemory or WriteProcessMemory request was completed. (0x12B)
[0415/204635.912:WARNING:pe_image_reader.cc(340)] could not read dos header from C:\WINDOWS\SYSTEM32\WINMMBASE.dll
[0415/204635.912:ERROR:process_memory_win.cc(73)] ReadMemory at 0x7ff8f9e20000 of 64 bytes failed: Only part of a ReadProcessMemory or WriteProcessMemory request was completed. (0x12B)
[0415/204635.912:WARNING:pe_image_reader.cc(340)] could not read dos header from C:\WINDOWS\System32\cfgmgr32.dll
[0415/204635.912:ERROR:process_memory_win.cc(73)] ReadMemory at 0x7ff8f5b80000 of 64 bytes failed: Only part of a ReadProcessMemory or WriteProcessMemory request was completed. (0x12B)
[0415/204635.912:WARNING:pe_image_reader.cc(340)] could not read dos header from C:\WINDOWS\SYSTEM32\PROPSYS.dll
[0415/204635.912:ERROR:process_memory_win.cc(73)] ReadMemory at 0x7ff8fbbe0000 of 64 bytes failed: Only part of a ReadProcessMemory or WriteProcessMemory request was completed. (0x12B)
[0415/204635.912:WARNING:pe_image_reader.cc(340)] could not read dos header from C:\WINDOWS\System32\shcore.dll
[0415/204635.912:ERROR:process_memory_win.cc(73)] ReadMemory at 0x7ff8f93f0000 of 64 bytes failed: Only part of a ReadProcessMemory or WriteProcessMemory request was completed. (0x12B)
[0415/204635.912:WARNING:pe_image_reader.cc(340)] could not read dos header from C:\WINDOWS\SYSTEM32\SSPICLI.DLL
[0415/204635.912:ERROR:process_memory_win.cc(73)] ReadMemory at 0x7ff8f8ee0000 of 64 bytes failed: Only part of a ReadProcessMemory or WriteProcessMemory request was completed. (0x12B)
[0415/204635.912:WARNING:pe_image_reader.cc(340)] could not read dos header from C:\WINDOWS\SYSTEM32\CRYPTBASE.DLL
[0415/204636.027:ERROR:process_memory_win.cc(73)] ReadMemory at 0xbb2e7e6000 of 106496 bytes failed: Only part of a ReadProcessMemory or WriteProcessMemory request was completed. (0x12B)
[0415/204636.028:ERROR:process_memory_win.cc(73)] ReadMemory at 0xbb2effd000 of 12288 bytes failed: Only part of a ReadProcessMemory or WriteProcessMemory request was completed. (0x12B)
[0415/204636.028:ERROR:process_memory_win.cc(73)] ReadMemory at 0xbb2fffc000 of 16384 bytes failed: Only part of a ReadProcessMemory or WriteProcessMemory request was completed. (0x12B)
[0415/204636.028:ERROR:process_memory_win.cc(73)] ReadMemory at 0xbb307fb000 of 20480 bytes failed: Only part of a ReadProcessMemory or WriteProcessMemory request was completed. (0x12B)
[0415/204636.028:ERROR:process_memory_win.cc(73)] ReadMemory at 0xbb30ffe000 of 8192 bytes failed: Only part of a ReadProcessMemory or WriteProcessMemory request was completed. (0x12B)
[0415/204636.028:ERROR:process_memory_win.cc(73)] ReadMemory at 0xbb317fd000 of 12288 bytes failed: Only part of a ReadProcessMemory or WriteProcessMemory request was completed. (0x12B)
[0415/204636.028:ERROR:process_memory_win.cc(73)] ReadMemory at 0xbb31ffb000 of 20480 bytes failed: Only part of a ReadProcessMemory or WriteProcessMemory request was completed. (0x12B)
[0415/204636.028:ERROR:process_memory_win.cc(73)] ReadMemory at 0xbb32ffd000 of 12288 bytes failed: Only part of a ReadProcessMemory or WriteProcessMemory request was completed. (0x12B)
[0415/204636.028:ERROR:process_memory_win.cc(73)] ReadMemory at 0xbb337f4000 of 49152 bytes failed: Only part of a ReadProcessMemory or WriteProcessMemory request was completed. (0x12B)
[0415/204636.028:ERROR:process_memory_win.cc(73)] ReadMemory at 0xbb33ff4000 of 49152 bytes failed: Only part of a ReadProcessMemory or WriteProcessMemory request was completed. (0x12B)
[0415/204636.029:ERROR:process_memory_win.cc(73)] ReadMemory at 0xbb347fd000 of 12288 bytes failed: Only part of a ReadProcessMemory or WriteProcessMemory request was completed. (0x12B)
[0415/204636.029:ERROR:process_memory_win.cc(73)] ReadMemory at 0xbb327fd000 of 12288 bytes failed: Only part of a ReadProcessMemory or WriteProcessMemory request was completed. (0x12B)
[0415/204636.029:ERROR:process_memory_win.cc(73)] ReadMemory at 0xbb2f7f4000 of 49152 bytes failed: Only part of a ReadProcessMemory or WriteProcessMemory request was completed. (0x12B)
[0415/204636.029:ERROR:process_memory_win.cc(73)] ReadMemory at 0xbb34ffe000 of 8192 bytes failed: Only part of a ReadProcessMemory or WriteProcessMemory request was completed. (0x12B)
[0415/204636.029:ERROR:process_memory_win.cc(73)] ReadMemory at 0xbb2de48000 of 6024 bytes failed: Only part of a ReadProcessMemory or WriteProcessMemory request was completed. (0x12B)
[0415/204636.029:ERROR:process_memory_win.cc(73)] ReadMemory at 0xbb2de58000 of 6024 bytes failed: Only part of a ReadProcessMemory or WriteProcessMemory request was completed. (0x12B)
[0415/204636.030:ERROR:process_memory_win.cc(73)] ReadMemory at 0xbb2dfb5000 of 852 bytes failed: Only part of a ReadProcessMemory or WriteProcessMemory request was completed. (0x12B)
[0415/204636.030:ERROR:process_memory_win.cc(73)] ReadMemory at 0xbb2dfb6000 of 6024 bytes failed: Only part of a ReadProcessMemory or WriteProcessMemory request was completed. (0x12B)
[0415/204636.030:ERROR:process_memory_win.cc(73)] ReadMemory at 0xbb2dfb8000 of 6024 bytes failed: Only part of a ReadProcessMemory or WriteProcessMemory request was completed. (0x12B)
[0415/204636.030:ERROR:process_memory_win.cc(73)] ReadMemory at 0xbb2dfbc000 of 6024 bytes failed: Only part of a ReadProcessMemory or WriteProcessMemory request was completed. (0x12B)
[0415/204636.030:ERROR:process_memory_win.cc(73)] ReadMemory at 0xbb2dfbe000 of 6024 bytes failed: Only part of a ReadProcessMemory or WriteProcessMemory request was completed. (0x12B)
[0415/204636.030:ERROR:process_memory_win.cc(73)] ReadMemory at 0xbb2dfc0000 of 6024 bytes failed: Only part of a ReadProcessMemory or WriteProcessMemory request was completed. (0x12B)
[0415/204636.030:ERROR:process_memory_win.cc(73)] ReadMemory at 0xbb2dfc2000 of 6024 bytes failed: Only part of a ReadProcessMemory or WriteProcessMemory request was completed. (0x12B)
[0415/204636.030:ERROR:process_memory_win.cc(73)] ReadMemory at 0xbb2dfc4000 of 6024 bytes failed: Only part of a ReadProcessMemory or WriteProcessMemory request was completed. (0x12B)
[0415/204636.030:ERROR:process_memory_win.cc(73)] ReadMemory at 0xbb2dfc6000 of 6024 bytes failed: Only part of a ReadProcessMemory or WriteProcessMemory request was completed. (0x12B)
[0415/204636.031:ERROR:process_memory_win.cc(73)] ReadMemory at 0xbb2dfc8000 of 6024 bytes failed: Only part of a ReadProcessMemory or WriteProcessMemory request was completed. (0x12B)
[0415/204636.031:ERROR:process_memory_win.cc(73)] ReadMemory at 0xbb2dfca000 of 6024 bytes failed: Only part of a ReadProcessMemory or WriteProcessMemory request was completed. (0x12B)
[0415/204636.031:ERROR:process_memory_win.cc(73)] ReadMemory at 0xbb2dfcc000 of 6024 bytes failed: Only part of a ReadProcessMemory or WriteProcessMemory request was completed. (0x12B)
[0415/204636.031:ERROR:process_memory_win.cc(73)] ReadMemory at 0xbb2dfd4000 of 6024 bytes failed: Only part of a ReadProcessMemory or WriteProcessMemory request was completed. (0x12B)
[0415/204636.031:ERROR:process_memory_win.cc(73)] ReadMemory at 0x25f06830750 of 80 bytes failed: Only part of a ReadProcessMemory or WriteProcessMemory request was completed. (0x12B)
[0415/204636.031:ERROR:process_memory_win.cc(73)] ReadMemory at 0x25f06830fe0 of 18864 bytes failed: Only part of a ReadProcessMemory or WriteProcessMemory request was completed. (0x12B)
[0415/204636.031:ERROR:process_memory_win.cc(73)] ReadMemory at 0x25f068359a0 of 1012 bytes failed: Only part of a ReadProcessMemory or WriteProcessMemory request was completed. (0x12B)
[0415/204636.031:ERROR:process_memory_win.cc(73)] ReadMemory at 0x25f06835fe8 of 118 bytes failed: Only part of a ReadProcessMemory or WriteProcessMemory request was completed. (0x12B)
[0415/204636.032:ERROR:process_memory_win.cc(73)] ReadMemory at 0x25f06836060 of 756 bytes failed: Only part of a ReadProcessMemory or WriteProcessMemory request was completed. (0x12B)
[0415/204636.032:ERROR:process_memory_win.cc(73)] ReadMemory at 0x25f06836356 of 118 bytes failed: Only part of a ReadProcessMemory or WriteProcessMemory request was completed. (0x12B)
[0415/204636.032:ERROR:process_memory_win.cc(73)] ReadMemory at 0x25f068363ce of 102 bytes failed: Only part of a ReadProcessMemory or WriteProcessMemory request was completed. (0x12B)
[0415/204636.032:ERROR:process_memory_win.cc(73)] ReadMemory at 0x25f06836440 of 58 bytes failed: Only part of a ReadProcessMemory or WriteProcessMemory request was completed. (0x12B)
[0415/204636.032:ERROR:process_memory_win.cc(73)] ReadMemory at 0x25f06836540 of 132 bytes failed: Only part of a ReadProcessMemory or WriteProcessMemory request was completed. (0x12B)
[0415/204636.032:ERROR:process_memory_win.cc(73)] ReadMemory at 0x25f068366d0 of 132 bytes failed: Only part of a ReadProcessMemory or WriteProcessMemory request was completed. (0x12B)
[0415/204636.032:ERROR:process_memory_win.cc(73)] ReadMemory at 0x25f06836890 of 124 bytes failed: Only part of a ReadProcessMemory or WriteProcessMemory request was completed. (0x12B)
[0415/204636.032:ERROR:process_memory_win.cc(73)] ReadMemory at 0x25f06836c70 of 132 bytes failed: Only part of a ReadProcessMemory or WriteProcessMemory request was completed. (0x12B)
[0415/204636.032:ERROR:process_memory_win.cc(73)] ReadMemory at 0x25f06836e00 of 64 bytes failed: Only part of a ReadProcessMemory or WriteProcessMemory request was completed. (0x12B)
[0415/204636.032:ERROR:process_memory_win.cc(73)] ReadMemory at 0x25f06836fc0 of 132 bytes failed: Only part of a ReadProcessMemory or WriteProcessMemory request was completed. (0x12B)
[0415/204636.032:ERROR:process_memory_win.cc(73)] ReadMemory at 0x25f06837260 of 132 bytes failed: Only part of a ReadProcessMemory or WriteProcessMemory request was completed. (0x12B)
[0415/204636.032:ERROR:process_memory_win.cc(73)] ReadMemory at 0x25f068373f0 of 68 bytes failed: Only part of a ReadProcessMemory or WriteProcessMemory request was completed. (0x12B)
[0415/204636.032:ERROR:process_memory_win.cc(73)] ReadMemory at 0x25f068384c0 of 132 bytes failed: Only part of a ReadProcessMemory or WriteProcessMemory request was completed. (0x12B)
[0415/204636.032:ERROR:process_memory_win.cc(73)] ReadMemory at 0x25f06838650 of 152 bytes failed: Only part of a ReadProcessMemory or WriteProcessMemory request was completed. (0x12B)
[0415/204636.033:ERROR:process_memory_win.cc(73)] ReadMemory at 0x25f0683aab0 of 62 bytes failed: Only part of a ReadProcessMemory or WriteProcessMemory request was completed. (0x12B)
[0415/204636.033:ERROR:process_memory_win.cc(73)] ReadMemory at 0x25f0683ab30 of 144 bytes failed: Only part of a ReadProcessMemory or WriteProcessMemory request was completed. (0x12B)
[0415/204636.033:ERROR:process_memory_win.cc(73)] ReadMemory at 0x25f0683ac10 of 132 bytes failed: Only part of a ReadProcessMemory or WriteProcessMemory request was completed. (0x12B)
[0415/204636.033:ERROR:process_memory_win.cc(73)] ReadMemory at 0x25f0683ada0 of 60 bytes failed: Only part of a ReadProcessMemory or WriteProcessMemory request was completed. (0x12B)
[0415/204636.033:ERROR:process_memory_win.cc(73)] ReadMemory at 0x25f0683b9c0 of 132 bytes failed: Only part of a ReadProcessMemory or WriteProcessMemory request was completed. (0x12B)
[0415/204636.033:ERROR:process_memory_win.cc(73)] ReadMemory at 0x25f0683bbe0 of 132 bytes failed: Only part of a ReadProcessMemory or WriteProcessMemory request was completed. (0x12B)
[0415/204636.034:ERROR:process_memory_win.cc(73)] ReadMemory at 0x25f0683c000 of 132 bytes failed: Only part of a ReadProcessMemory or WriteProcessMemory request was completed. (0x12B)
[0415/204636.034:ERROR:process_memory_win.cc(73)] ReadMemory at 0x25f0683efa0 of 60 bytes failed: Only part of a ReadProcessMemory or WriteProcessMemory request was completed. (0x12B)
[0415/204636.034:ERROR:process_memory_win.cc(73)] ReadMemory at 0x25f0683f220 of 64 bytes failed: Only part of a ReadProcessMemory or WriteProcessMemory request was completed. (0x12B)
[0415/204636.034:ERROR:process_memory_win.cc(73)] ReadMemory at 0x25f0683f270 of 62 bytes failed: Only part of a ReadProcessMemory or WriteProcessMemory request was completed. (0x12B)
[0415/204636.034:ERROR:process_memory_win.cc(73)] ReadMemory at 0x25f0683f310 of 66 bytes failed: Only part of a ReadProcessMemory or WriteProcessMemory request was completed. (0x12B)
[0415/204636.034:ERROR:process_memory_win.cc(73)] ReadMemory at 0x25f0683f450 of 64 bytes failed: Only part of a ReadProcessMemory or WriteProcessMemory request was completed. (0x12B)
[0415/204636.034:ERROR:process_memory_win.cc(73)] ReadMemory at 0x25f0683f4a0 of 60 bytes failed: Only part of a ReadProcessMemory or WriteProcessMemory request was completed. (0x12B)
[0415/204636.034:ERROR:process_memory_win.cc(73)] ReadMemory at 0x25f0683f4f0 of 64 bytes failed: Only part of a ReadProcessMemory or WriteProcessMemory request was completed. (0x12B)
[0415/204636.034:ERROR:process_memory_win.cc(73)] ReadMemory at 0x25f0683f590 of 64 bytes failed: Only part of a ReadProcessMemory or WriteProcessMemory request was completed. (0x12B)
[0415/204636.034:ERROR:process_memory_win.cc(73)] ReadMemory at 0x25f0683f630 of 62 bytes failed: Only part of a ReadProcessMemory or WriteProcessMemory request was completed. (0x12B)
[0415/204636.034:ERROR:process_memory_win.cc(73)] ReadMemory at 0x25f068436e0 of 80 bytes failed: Only part of a ReadProcessMemory or WriteProcessMemory request was completed. (0x12B)
[0415/204636.078:ERROR:process_memory_win.cc(73)] ReadMemory at 0x25f06843860 of 76 bytes failed: Only part of a ReadProcessMemory or WriteProcessMemory request was completed. (0x12B)
[0415/204636.078:ERROR:process_memory_win.cc(73)] ReadMemory at 0x25f06844680 of 512 bytes failed: Only part of a ReadProcessMemory or WriteProcessMemory request was completed. (0x12B)
[0415/204636.078:ERROR:process_memory_win.cc(73)] ReadMemory at 0x25f06844b80 of 132 bytes failed: Only part of a ReadProcessMemory or WriteProcessMemory request was completed. (0x12B)
[0415/204636.078:ERROR:process_memory_win.cc(73)] ReadMemory at 0x25f06844db0 of 132 bytes failed: Only part of a ReadProcessMemory or WriteProcessMemory request was completed. (0x12B)
[0415/204636.078:ERROR:process_memory_win.cc(73)] ReadMemory at 0x25f06845460 of 132 bytes failed: Only part of a ReadProcessMemory or WriteProcessMemory request was completed. (0x12B)
[0415/204636.078:ERROR:process_memory_win.cc(73)] ReadMemory at 0x25f06845590 of 132 bytes failed: Only part of a ReadProcessMemory or WriteProcessMemory request was completed. (0x12B)
[0415/204636.078:ERROR:process_memory_win.cc(73)] ReadMemory at 0x25f068456c0 of 132 bytes failed: Only part of a ReadProcessMemory or WriteProcessMemory request was completed. (0x12B)
[0415/204636.078:ERROR:process_memory_win.cc(73)] ReadMemory at 0x25f068457f0 of 132 bytes failed: Only part of a ReadProcessMemory or WriteProcessMemory request was completed. (0x12B)
[0415/204636.078:ERROR:process_memory_win.cc(73)] ReadMemory at 0x25f06845920 of 132 bytes failed: Only part of a ReadProcessMemory or WriteProcessMemory request was completed. (0x12B)
[0415/204636.078:ERROR:process_memory_win.cc(73)] ReadMemory at 0x25f06845a50 of 132 bytes failed: Only part of a ReadProcessMemory or WriteProcessMemory request was completed. (0x12B)
[0415/204636.079:ERROR:process_memory_win.cc(73)] ReadMemory at 0x25f06845b80 of 132 bytes failed: Only part of a ReadProcessMemory or WriteProcessMemory request was completed. (0x12B)
[0415/204636.079:ERROR:process_memory_win.cc(73)] ReadMemory at 0x25f06845cb0 of 132 bytes failed: Only part of a ReadProcessMemory or WriteProcessMemory request was completed. (0x12B)
[0415/204636.079:ERROR:process_memory_win.cc(73)] ReadMemory at 0x25f06845de0 of 132 bytes failed: Only part of a ReadProcessMemory or WriteProcessMemory request was completed. (0x12B)
[0415/204636.079:ERROR:process_memory_win.cc(73)] ReadMemory at 0x25f06845f10 of 132 bytes failed: Only part of a ReadProcessMemory or WriteProcessMemory request was completed. (0x12B)
[0415/204636.079:ERROR:process_memory_win.cc(73)] ReadMemory at 0x25f06846040 of 132 bytes failed: Only part of a ReadProcessMemory or WriteProcessMemory request was completed. (0x12B)
[0415/204636.079:ERROR:process_memory_win.cc(73)] ReadMemory at 0x25f06846170 of 132 bytes failed: Only part of a ReadProcessMemory or WriteProcessMemory request was completed. (0x12B)
[0415/204636.079:ERROR:process_memory_win.cc(73)] ReadMemory at 0x25f06846950 of 54 bytes failed: Only part of a ReadProcessMemory or WriteProcessMemory request was completed. (0x12B)
[0415/204636.079:ERROR:process_memory_win.cc(73)] ReadMemory at 0x25f06847af0 of 132 bytes failed: Only part of a ReadProcessMemory or WriteProcessMemory request was completed. (0x12B)
[0415/204636.079:ERROR:process_memory_win.cc(73)] ReadMemory at 0x25f06847d00 of 132 bytes failed: Only part of a ReadProcessMemory or WriteProcessMemory request was completed. (0x12B)
[0415/204636.079:ERROR:process_memory_win.cc(73)] ReadMemory at 0x25f06849470 of 132 bytes failed: Only part of a ReadProcessMemory or WriteProcessMemory request was completed. (0x12B)
[0415/204636.079:ERROR:process_memory_win.cc(73)] ReadMemory at 0x25f06849c20 of 132 bytes failed: Only part of a ReadProcessMemory or WriteProcessMemory request was completed. (0x12B)
[0415/204636.079:ERROR:process_memory_win.cc(73)] ReadMemory at 0x25f06849d50 of 132 bytes failed: Only part of a ReadProcessMemory or WriteProcessMemory request was completed. (0x12B)
[0415/204636.079:ERROR:process_memory_win.cc(73)] ReadMemory at 0x25f0684ca00 of 62 bytes failed: Only part of a ReadProcessMemory or WriteProcessMemory request was completed. (0x12B)
[0415/204636.080:ERROR:process_memory_win.cc(73)] ReadMemory at 0x25f0684ca50 of 62 bytes failed: Only part of a ReadProcessMemory or WriteProcessMemory request was completed. (0x12B)
[0415/204636.080:ERROR:process_memory_win.cc(73)] ReadMemory at 0x25f0684caa0 of 60 bytes failed: Only part of a ReadProcessMemory or WriteProcessMemory request was completed. (0x12B)
[0415/204636.080:ERROR:process_memory_win.cc(73)] ReadMemory at 0x25f0684caf0 of 66 bytes failed: Only part of a ReadProcessMemory or WriteProcessMemory request was completed. (0x12B)
[0415/204636.080:ERROR:process_memory_win.cc(73)] ReadMemory at 0x25f0684cb90 of 62 bytes failed: Only part of a ReadProcessMemory or WriteProcessMemory request was completed. (0x12B)
[0415/204636.080:ERROR:process_memory_win.cc(73)] ReadMemory at 0x25f0684cdc0 of 64 bytes failed: Only part of a ReadProcessMemory or WriteProcessMemory request was completed. (0x12B)
[0415/204636.080:ERROR:process_memory_win.cc(73)] ReadMemory at 0x25f0684ce10 of 60 bytes failed: Only part of a ReadProcessMemory or WriteProcessMemory request was completed. (0x12B)
[0415/204636.080:ERROR:process_memory_win.cc(73)] ReadMemory at 0x25f0684cf00 of 64 bytes failed: Only part of a ReadProcessMemory or WriteProcessMemory request was completed. (0x12B)
[0415/204636.080:ERROR:process_memory_win.cc(73)] ReadMemory at 0x25f0684cff0 of 64 bytes failed: Only part of a ReadProcessMemory or WriteProcessMemory request was completed. (0x12B)
[0415/204636.080:ERROR:process_memory_win.cc(73)] ReadMemory at 0x25f0684d270 of 60 bytes failed: Only part of a ReadProcessMemory or WriteProcessMemory request was completed. (0x12B)
[0415/204636.080:ERROR:process_memory_win.cc(73)] ReadMemory at 0x25f0684d450 of 64 bytes failed: Only part of a ReadProcessMemory or WriteProcessMemory request was completed. (0x12B)
[0415/204636.080:ERROR:process_memory_win.cc(73)] ReadMemory at 0x25f0684d590 of 62 bytes failed: Only part of a ReadProcessMemory or WriteProcessMemory request was completed. (0x12B)
[0415/204636.080:ERROR:process_memory_win.cc(73)] ReadMemory at 0x25f0684d680 of 62 bytes failed: Only part of a ReadProcessMemory or WriteProcessMemory request was completed. (0x12B)
[0415/204636.080:ERROR:process_memory_win.cc(73)] ReadMemory at 0x25f0684d770 of 62 bytes failed: Only part of a ReadProcessMemory or WriteProcessMemory request was completed. (0x12B)
[0415/204636.080:ERROR:process_memory_win.cc(73)] ReadMemory at 0x25f0684d860 of 58 bytes failed: Only part of a ReadProcessMemory or WriteProcessMemory request was completed. (0x12B)
[0415/204636.081:ERROR:process_memory_win.cc(73)] ReadMemory at 0x25f0684d8b0 of 62 bytes failed: Only part of a ReadProcessMemory or WriteProcessMemory request was completed. (0x12B)
[0415/204636.081:ERROR:process_memory_win.cc(73)] ReadMemory at 0x25f0684d900 of 62 bytes failed: Only part of a ReadProcessMemory or WriteProcessMemory request was completed. (0x12B)
[0415/204636.081:ERROR:process_memory_win.cc(73)] ReadMemory at 0x25f0684d950 of 60 bytes failed: Only part of a ReadProcessMemory or WriteProcessMemory request was completed. (0x12B)
[0415/204636.081:ERROR:process_memory_win.cc(73)] ReadMemory at 0x25f0684de90 of 132 bytes failed: Only part of a ReadProcessMemory or WriteProcessMemory request was completed. (0x12B)
[0415/204636.081:ERROR:process_memory_win.cc(73)] ReadMemory at 0x25f0684e0f0 of 132 bytes failed: Only part of a ReadProcessMemory or WriteProcessMemory request was completed. (0x12B)
[0415/204636.081:ERROR:process_memory_win.cc(73)] ReadMemory at 0x25f0684e220 of 132 bytes failed: Only part of a ReadProcessMemory or WriteProcessMemory request was completed. (0x12B)
[0415/204636.081:ERROR:process_memory_win.cc(73)] ReadMemory at 0x25f0684e480 of 132 bytes failed: Only part of a ReadProcessMemory or WriteProcessMemory request was completed. (0x12B)
[0415/204636.081:ERROR:process_memory_win.cc(73)] ReadMemory at 0x25f0684ea70 of 132 bytes failed: Only part of a ReadProcessMemory or WriteProcessMemory request was completed. (0x12B)
[0415/204636.081:ERROR:process_memory_win.cc(73)] ReadMemory at 0x25f0684ee00 of 132 bytes failed: Only part of a ReadProcessMemory or WriteProcessMemory request was completed. (0x12B)
[0415/204636.081:ERROR:process_memory_win.cc(73)] ReadMemory at 0x25f0684ef30 of 132 bytes failed: Only part of a ReadProcessMemory or WriteProcessMemory request was completed. (0x12B)
[0415/204636.081:ERROR:process_memory_win.cc(73)] ReadMemory at 0x25f0684f780 of 132 bytes failed: Only part of a ReadProcessMemory or WriteProcessMemory request was completed. (0x12B)
[0415/204636.082:ERROR:process_memory_win.cc(73)] ReadMemory at 0x25f0684f8b0 of 132 bytes failed: Only part of a ReadProcessMemory or WriteProcessMemory request was completed. (0x12B)
[0415/204636.082:ERROR:process_memory_win.cc(73)] ReadMemory at 0x25f0684fb10 of 132 bytes failed: Only part of a ReadProcessMemory or WriteProcessMemory request was completed. (0x12B)
[0415/204636.082:ERROR:process_memory_win.cc(73)] ReadMemory at 0x25f068694c0 of 512 bytes failed: Only part of a ReadProcessMemory or WriteProcessMemory request was completed. (0x12B)
[0415/204636.082:ERROR:process_memory_win.cc(73)] ReadMemory at 0x25f07050000 of 384 bytes failed: Only part of a ReadProcessMemory or WriteProcessMemory request was completed. (0x12B)
[0415/204636.082:ERROR:process_memory_win.cc(73)] ReadMemory at 0x25f07186280 of 512 bytes failed: Only part of a ReadProcessMemory or WriteProcessMemory request was completed. (0x12B)
[0415/204636.082:ERROR:process_memory_win.cc(73)] ReadMemory at 0x25f07190870 of 512 bytes failed: Only part of a ReadProcessMemory or WriteProcessMemory request was completed. (0x12B)
[0415/204636.082:ERROR:process_memory_win.cc(73)] ReadMemory at 0x25f071a8440 of 712 bytes failed: Only part of a ReadProcessMemory or WriteProcessMemory request was completed. (0x12B)
[0415/204636.082:ERROR:process_memory_win.cc(73)] ReadMemory at 0x25f071e3a10 of 512 bytes failed: Only part of a ReadProcessMemory or WriteProcessMemory request was completed. (0x12B)
[0415/204636.082:ERROR:process_memory_win.cc(73)] ReadMemory at 0x25f08770000 of 384 bytes failed: Only part of a ReadProcessMemory or WriteProcessMemory request was completed. (0x12B)
[0415/204636.082:ERROR:process_memory_win.cc(73)] ReadMemory at 0x25f087b2ef0 of 512 bytes failed: Only part of a ReadProcessMemory or WriteProcessMemory request was completed. (0x12B)
[0415/204636.083:ERROR:process_memory_win.cc(73)] ReadMemory at 0x25f13121580 of 512 bytes failed: Only part of a ReadProcessMemory or WriteProcessMemory request was completed. (0x12B)
[0415/204636.083:ERROR:process_memory_win.cc(73)] ReadMemory at 0x25f13138310 of 528 bytes failed: Only part of a ReadProcessMemory or WriteProcessMemory request was completed. (0x12B)
[0415/204636.083:ERROR:process_memory_win.cc(73)] ReadMemory at 0x25f1dffd610 of 512 bytes failed: Only part of a ReadProcessMemory or WriteProcessMemory request was completed. (0x12B)
[0415/204636.083:ERROR:process_memory_win.cc(73)] ReadMemory at 0x7ff89e8a859c of 512 bytes failed: Only part of a ReadProcessMemory or WriteProcessMemory request was completed. (0x12B)
[0415/204636.083:ERROR:process_memory_win.cc(73)] ReadMemory at 0x7ff8d91c7a55 of 512 bytes failed: Only part of a ReadProcessMemory or WriteProcessMemory request was completed. (0x12B)
[0415/204636.083:ERROR:process_memory_win.cc(73)] ReadMemory at 0x7ff8d91c8245 of 512 bytes failed: Only part of a ReadProcessMemory or WriteProcessMemory request was completed. (0x12B)
[0415/204636.083:ERROR:process_memory_win.cc(73)] ReadMemory at 0x7ff8fc6807d3 of 512 bytes failed: Only part of a ReadProcessMemory or WriteProcessMemory request was completed. (0x12B)
[0415/204636.083:ERROR:process_memory_win.cc(73)] ReadMemory at 0x7ff8fc6dc0c4 of 672 bytes failed: Only part of a ReadProcessMemory or WriteProcessMemory request was completed. (0x12B)
[0415/204636.083:ERROR:process_memory_win.cc(73)] ReadMemory at 0x7ff8fc6df974 of 608 bytes failed: Only part of a ReadProcessMemory or WriteProcessMemory request was completed. (0x12B)
[0415/204636.083:ERROR:process_memory_win.cc(73)] ReadMemory at 0x7ff8fc76c428 of 18 bytes failed: Only part of a ReadProcessMemory or WriteProcessMemory request was completed. (0x12B)
[0415/204636.083:ERROR:process_memory_win.cc(73)] ReadMemory at 0x7ff8fc79f4f8 of 40 bytes failed: Only part of a ReadProcessMemory or WriteProcessMemory request was completed. (0x12B)
[0415/204636.083:ERROR:process_memory_win.cc(73)] ReadMemory at 0x7ff8fc79f978 of 48 bytes failed: Only part of a ReadProcessMemory or WriteProcessMemory request was completed. (0x12B)
[0415/204636.084:ERROR:process_memory_win.cc(73)] ReadMemory at 0x7ff8fc7a53c0 of 64 bytes failed: Only part of a ReadProcessMemory or WriteProcessMemory request was completed. (0x12B)
[0415/204636.759:ERROR:scoped_process_suspend.cc(40)] NtResumeProcess: An attempt was made to access an exiting process. (0xc000010a)
